  dijkstra.c
C:\Users\ptcart\Desktop\알고리즘 3팀 팀프로젝트(길찾기) - 최종\알고리즘 3팀 (미니 프로젝트 - 길찾기)\dijkstra.c(75,13): warning C4996: 'fopen': This function or variable may be unsafe. Consider using fopen_s instead. To disable deprecation, use _CRT_SECURE_NO_WARNINGS. See online help for details.
C:\Users\ptcart\Desktop\알고리즘 3팀 팀프로젝트(길찾기) - 최종\알고리즘 3팀 (미니 프로젝트 - 길찾기)\dijkstra.c(79,3): warning C4996: 'fscanf': This function or variable may be unsafe. Consider using fscanf_s instead. To disable deprecation, use _CRT_SECURE_NO_WARNINGS. See online help for details.
C:\Users\ptcart\Desktop\알고리즘 3팀 팀프로젝트(길찾기) - 최종\알고리즘 3팀 (미니 프로젝트 - 길찾기)\dijkstra.c(82,4): warning C4996: 'fscanf': This function or variable may be unsafe. Consider using fscanf_s instead. To disable deprecation, use _CRT_SECURE_NO_WARNINGS. See online help for details.
C:\Users\ptcart\Desktop\알고리즘 3팀 팀프로젝트(길찾기) - 최종\알고리즘 3팀 (미니 프로젝트 - 길찾기)\dijkstra.c(87,5): warning C4996: 'fscanf': This function or variable may be unsafe. Consider using fscanf_s instead. To disable deprecation, use _CRT_SECURE_NO_WARNINGS. See online help for details.
  menu1.4.c
C:\Users\ptcart\Desktop\알고리즘 3팀 팀프로젝트(길찾기) - 최종\알고리즘 3팀 (미니 프로젝트 - 길찾기)\menu1.4.c(25,13): warning C4996: 'fopen': This function or variable may be unsafe. Consider using fopen_s instead. To disable deprecation, use _CRT_SECURE_NO_WARNINGS. See online help for details.
C:\Users\ptcart\Desktop\알고리즘 3팀 팀프로젝트(길찾기) - 최종\알고리즘 3팀 (미니 프로젝트 - 길찾기)\menu1.4.c(40,18): warning C4996: 'strtok': This function or variable may be unsafe. Consider using strtok_s instead. To disable deprecation, use _CRT_SECURE_NO_WARNINGS. See online help for details.
C:\Users\ptcart\Desktop\알고리즘 3팀 팀프로젝트(길찾기) - 최종\알고리즘 3팀 (미니 프로젝트 - 길찾기)\menu1.4.c(42,5): warning C4996: 'strncpy': This function or variable may be unsafe. Consider using strncpy_s instead. To disable deprecation, use _CRT_SECURE_NO_WARNINGS. See online help for details.
C:\Users\ptcart\Desktop\알고리즘 3팀 팀프로젝트(길찾기) - 최종\알고리즘 3팀 (미니 프로젝트 - 길찾기)\menu1.4.c(44,12): warning C4996: 'strtok': This function or variable may be unsafe. Consider using strtok_s instead. To disable deprecation, use _CRT_SECURE_NO_WARNINGS. See online help for details.
C:\Users\ptcart\Desktop\알고리즘 3팀 팀프로젝트(길찾기) - 최종\알고리즘 3팀 (미니 프로젝트 - 길찾기)\menu1.4.c(46,5): warning C4996: 'strncpy': This function or variable may be unsafe. Consider using strncpy_s instead. To disable deprecation, use _CRT_SECURE_NO_WARNINGS. See online help for details.
C:\Users\ptcart\Desktop\알고리즘 3팀 팀프로젝트(길찾기) - 최종\알고리즘 3팀 (미니 프로젝트 - 길찾기)\menu1.4.c(66,23): warning C4047: '=': 'char *'의 간접 참조 수준이 'int'과(와) 다릅니다.
C:\Users\ptcart\Desktop\알고리즘 3팀 팀프로젝트(길찾기) - 최종\알고리즘 3팀 (미니 프로젝트 - 길찾기)\menu1.4.c(68,22): warning C4047: '=': 'char *'의 간접 참조 수준이 'int'과(와) 다릅니다.
C:\Users\ptcart\Desktop\알고리즘 3팀 팀프로젝트(길찾기) - 최종\알고리즘 3팀 (미니 프로젝트 - 길찾기)\menu1.4.c(82,8): warning C4477: 'scanf' : 서식 문자열 '%s'에 'char *' 형식의 인수가 필요하지만 variadic 인수 1의 형식이 'char **'입니다.
C:\Users\ptcart\Desktop\알고리즘 3팀 팀프로젝트(길찾기) - 최종\알고리즘 3팀 (미니 프로젝트 - 길찾기)\menu1.4.c(86,23): warning C4047: '함수': 'const char *'의 간접 참조 수준이 'char *[5]'과(와) 다릅니다.
C:\Users\ptcart\Desktop\알고리즘 3팀 팀프로젝트(길찾기) - 최종\알고리즘 3팀 (미니 프로젝트 - 길찾기)\menu1.4.c(86,14): warning C4024: 'strcmp': 형식 및 실제 매개 변수 1의 형식이 서로 다릅니다.
C:\Users\ptcart\Desktop\알고리즘 3팀 팀프로젝트(길찾기) - 최종\알고리즘 3팀 (미니 프로젝트 - 길찾기)\menu1.4.c(86,62): warning C4047: '함수': 'const char *'의 간접 참조 수준이 'char *[5]'과(와) 다릅니다.
C:\Users\ptcart\Desktop\알고리즘 3팀 팀프로젝트(길찾기) - 최종\알고리즘 3팀 (미니 프로젝트 - 길찾기)\menu1.4.c(86,53): warning C4024: 'strcmp': 형식 및 실제 매개 변수 1의 형식이 서로 다릅니다.
C:\Users\ptcart\Desktop\알고리즘 3팀 팀프로젝트(길찾기) - 최종\알고리즘 3팀 (미니 프로젝트 - 길찾기)\menu1.4.c(82,2): warning C4996: 'scanf': This function or variable may be unsafe. Consider using scanf_s instead. To disable deprecation, use _CRT_SECURE_NO_WARNINGS. See online help for details.
C:\Users\ptcart\Desktop\알고리즘 3팀 팀프로젝트(길찾기) - 최종\알고리즘 3팀 (미니 프로젝트 - 길찾기)\menu1.4.c(125,8): warning C4477: 'scanf' : 서식 문자열 '%s'에 'char *' 형식의 인수가 필요하지만 variadic 인수 1의 형식이 'char **'입니다.
C:\Users\ptcart\Desktop\알고리즘 3팀 팀프로젝트(길찾기) - 최종\알고리즘 3팀 (미니 프로젝트 - 길찾기)\menu1.4.c(129,24): warning C4047: '함수': 'const char *'의 간접 참조 수준이 'char *[5]'과(와) 다릅니다.
C:\Users\ptcart\Desktop\알고리즘 3팀 팀프로젝트(길찾기) - 최종\알고리즘 3팀 (미니 프로젝트 - 길찾기)\menu1.4.c(129,14): warning C4024: 'strcmp': 형식 및 실제 매개 변수 1의 형식이 서로 다릅니다.
C:\Users\ptcart\Desktop\알고리즘 3팀 팀프로젝트(길찾기) - 최종\알고리즘 3팀 (미니 프로젝트 - 길찾기)\menu1.4.c(129,64): warning C4047: '함수': 'const char *'의 간접 참조 수준이 'char *[5]'과(와) 다릅니다.
C:\Users\ptcart\Desktop\알고리즘 3팀 팀프로젝트(길찾기) - 최종\알고리즘 3팀 (미니 프로젝트 - 길찾기)\menu1.4.c(129,54): warning C4024: 'strcmp': 형식 및 실제 매개 변수 1의 형식이 서로 다릅니다.
C:\Users\ptcart\Desktop\알고리즘 3팀 팀프로젝트(길찾기) - 최종\알고리즘 3팀 (미니 프로젝트 - 길찾기)\menu1.4.c(125,2): warning C4996: 'scanf': This function or variable may be unsafe. Consider using scanf_s instead. To disable deprecation, use _CRT_SECURE_NO_WARNINGS. See online help for details.
C:\Users\ptcart\Desktop\알고리즘 3팀 팀프로젝트(길찾기) - 최종\알고리즘 3팀 (미니 프로젝트 - 길찾기)\menu1.4.c(176,2): warning C4996: 'scanf': This function or variable may be unsafe. Consider using scanf_s instead. To disable deprecation, use _CRT_SECURE_NO_WARNINGS. See online help for details.
C:\Users\ptcart\Desktop\알고리즘 3팀 팀프로젝트(길찾기) - 최종\알고리즘 3팀 (미니 프로젝트 - 길찾기)\menu1.4.c(222,14): warning C4244: '*=': 'double'에서 'int'(으)로 변환하면서 데이터가 손실될 수 있습니다.
C:\Users\ptcart\Desktop\알고리즘 3팀 팀프로젝트(길찾기) - 최종\알고리즘 3팀 (미니 프로젝트 - 길찾기)\menu1.4.c(227,14): warning C4244: '*=': 'double'에서 'int'(으)로 변환하면서 데이터가 손실될 수 있습니다.
C:\Users\ptcart\Desktop\알고리즘 3팀 팀프로젝트(길찾기) - 최종\알고리즘 3팀 (미니 프로젝트 - 길찾기)\menu1.4.c(266,24): warning C4047: '함수': 'char *'의 간접 참조 수준이 'int'과(와) 다릅니다.
C:\Users\ptcart\Desktop\알고리즘 3팀 팀프로젝트(길찾기) - 최종\알고리즘 3팀 (미니 프로젝트 - 길찾기)\menu1.4.c(266,19): warning C4024: 'save_recent_path': 형식 및 실제 매개 변수 1의 형식이 서로 다릅니다.
C:\Users\ptcart\Desktop\알고리즘 3팀 팀프로젝트(길찾기) - 최종\알고리즘 3팀 (미니 프로젝트 - 길찾기)\menu1.4.c(266,29): warning C4047: '함수': 'char *'의 간접 참조 수준이 'int'과(와) 다릅니다.
C:\Users\ptcart\Desktop\알고리즘 3팀 팀프로젝트(길찾기) - 최종\알고리즘 3팀 (미니 프로젝트 - 길찾기)\menu1.4.c(266,26): warning C4024: 'save_recent_path': 형식 및 실제 매개 변수 2의 형식이 서로 다릅니다.
C:\Users\ptcart\Desktop\알고리즘 3팀 팀프로젝트(길찾기) - 최종\알고리즘 3팀 (미니 프로젝트 - 길찾기)\menu1.4.c(266,31): warning C4020: 'save_recent_path': 실제 매개 변수가 너무 많습니다.
C:\Users\ptcart\Desktop\알고리즘 3팀 팀프로젝트(길찾기) - 최종\알고리즘 3팀 (미니 프로젝트 - 길찾기)\menu1.4.c(268,8): warning C4013: '_getch'이(가) 정의되지 않았습니다. extern은 int형을 반환하는 것으로 간주합니다.
C:\Users\ptcart\Desktop\알고리즘 3팀 팀프로젝트(길찾기) - 최종\알고리즘 3팀 (미니 프로젝트 - 길찾기)\menu1.4.c(270,10): warning C4098: 'T_R_Result': 'void' 함수에서 값을 반환하고 있습니다.
C:\Users\ptcart\Desktop\알고리즘 3팀 팀프로젝트(길찾기) - 최종\알고리즘 3팀 (미니 프로젝트 - 길찾기)\menu1.4.c(203,17): warning C4996: 'localtime': This function or variable may be unsafe. Consider using localtime_s instead. To disable deprecation, use _CRT_SECURE_NO_WARNINGS. See online help for details.
C:\Users\ptcart\Desktop\알고리즘 3팀 팀프로젝트(길찾기) - 최종\알고리즘 3팀 (미니 프로젝트 - 길찾기)\menu1.4.c(206,1): warning C4244: '초기화 중': 'double'에서 'int'(으)로 변환하면서 데이터가 손실될 수 있습니다.
C:\Users\ptcart\Desktop\알고리즘 3팀 팀프로젝트(길찾기) - 최종\알고리즘 3팀 (미니 프로젝트 - 길찾기)\menu1.4.c(213,3): warning C4996: 'strcpy': This function or variable may be unsafe. Consider using strcpy_s instead. To disable deprecation, use _CRT_SECURE_NO_WARNINGS. See online help for details.
C:\Users\ptcart\Desktop\알고리즘 3팀 팀프로젝트(길찾기) - 최종\알고리즘 3팀 (미니 프로젝트 - 길찾기)\menu1.4.c(221,3): warning C4996: 'strcpy': This function or variable may be unsafe. Consider using strcpy_s instead. To disable deprecation, use _CRT_SECURE_NO_WARNINGS. See online help for details.
C:\Users\ptcart\Desktop\알고리즘 3팀 팀프로젝트(길찾기) - 최종\알고리즘 3팀 (미니 프로젝트 - 길찾기)\menu1.4.c(226,3): warning C4996: 'strcpy': This function or variable may be unsafe. Consider using strcpy_s instead. To disable deprecation, use _CRT_SECURE_NO_WARNINGS. See online help for details.
C:\Users\ptcart\Desktop\알고리즘 3팀 팀프로젝트(길찾기) - 최종\알고리즘 3팀 (미니 프로젝트 - 길찾기)\menu1.4.c(233,3): warning C4996: 'strcpy': This function or variable may be unsafe. Consider using strcpy_s instead. To disable deprecation, use _CRT_SECURE_NO_WARNINGS. See online help for details.
C:\Users\ptcart\Desktop\알고리즘 3팀 팀프로젝트(길찾기) - 최종\알고리즘 3팀 (미니 프로젝트 - 길찾기)\menu1.4.c(273,27): warning C4028: 정식 매개 변수 1이(가) 선언과 다릅니다.
C:\Users\ptcart\Desktop\알고리즘 3팀 팀프로젝트(길찾기) - 최종\알고리즘 3팀 (미니 프로젝트 - 길찾기)\menu1.4.c(273,38): warning C4028: 정식 매개 변수 2이(가) 선언과 다릅니다.
C:\Users\ptcart\Desktop\알고리즘 3팀 팀프로젝트(길찾기) - 최종\알고리즘 3팀 (미니 프로젝트 - 길찾기)\menu1.4.c(274,1): warning C4029: 선언된 정식 매개 변수 목록이 정의와 다릅니다.
C:\Users\ptcart\Desktop\알고리즘 3팀 팀프로젝트(길찾기) - 최종\알고리즘 3팀 (미니 프로젝트 - 길찾기)\menu1.4.c(275,13): warning C4996: 'fopen': This function or variable may be unsafe. Consider using fopen_s instead. To disable deprecation, use _CRT_SECURE_NO_WARNINGS. See online help for details.
  menu2.c
C:\Users\ptcart\Desktop\알고리즘 3팀 팀프로젝트(길찾기) - 최종\알고리즘 3팀 (미니 프로젝트 - 길찾기)\menu2.c(20,30): warning C4090: '함수': 'const' 한정자가 서로 다릅니다.
C:\Users\ptcart\Desktop\알고리즘 3팀 팀프로젝트(길찾기) - 최종\알고리즘 3팀 (미니 프로젝트 - 길찾기)\menu2.c(25,18): warning C4996: 'fopen': This function or variable may be unsafe. Consider using fopen_s instead. To disable deprecation, use _CRT_SECURE_NO_WARNINGS. See online help for details.
C:\Users\ptcart\Desktop\알고리즘 3팀 팀프로젝트(길찾기) - 최종\알고리즘 3팀 (미니 프로젝트 - 길찾기)\menu2.c(78,56): warning C4474: 'printf' : 서식 문자열에 전달된 인수가 너무 많습니다.
C:\Users\ptcart\Desktop\알고리즘 3팀 팀프로젝트(길찾기) - 최종\알고리즘 3팀 (미니 프로젝트 - 길찾기)\menu2.c(78,56): message : 자리 표시자 및 해당 매개 변수에는 variadic 인수가 0개 필요하지만 1개가 제공되었습니다.
C:\Users\ptcart\Desktop\알고리즘 3팀 팀프로젝트(길찾기) - 최종\알고리즘 3팀 (미니 프로젝트 - 길찾기)\menu2.c(88,25): warning C4013: 'mainpage'이(가) 정의되지 않았습니다. extern은 int형을 반환하는 것으로 간주합니다.
C:\Users\ptcart\Desktop\알고리즘 3팀 팀프로젝트(길찾기) - 최종\알고리즘 3팀 (미니 프로젝트 - 길찾기)\menu2.c(60,5): warning C4996: 'scanf': This function or variable may be unsafe. Consider using scanf_s instead. To disable deprecation, use _CRT_SECURE_NO_WARNINGS. See online help for details.
C:\Users\ptcart\Desktop\알고리즘 3팀 팀프로젝트(길찾기) - 최종\알고리즘 3팀 (미니 프로젝트 - 길찾기)\menu2.c(79,13): warning C4996: 'scanf': This function or variable may be unsafe. Consider using scanf_s instead. To disable deprecation, use _CRT_SECURE_NO_WARNINGS. See online help for details.
C:\Users\ptcart\Desktop\알고리즘 3팀 팀프로젝트(길찾기) - 최종\알고리즘 3팀 (미니 프로젝트 - 길찾기)\menu2.c(85,13): warning C4996: 'scanf': This function or variable may be unsafe. Consider using scanf_s instead. To disable deprecation, use _CRT_SECURE_NO_WARNINGS. See online help for details.
C:\Users\ptcart\Desktop\알고리즘 3팀 팀프로젝트(길찾기) - 최종\알고리즘 3팀 (미니 프로젝트 - 길찾기)\menu2.c(92,26): warning C4996: 'fopen': This function or variable may be unsafe. Consider using fopen_s instead. To disable deprecation, use _CRT_SECURE_NO_WARNINGS. See online help for details.
C:\Users\ptcart\Desktop\알고리즘 3팀 팀프로젝트(길찾기) - 최종\알고리즘 3팀 (미니 프로젝트 - 길찾기)\menu2.c(93,30): warning C4996: 'fopen': This function or variable may be unsafe. Consider using fopen_s instead. To disable deprecation, use _CRT_SECURE_NO_WARNINGS. See online help for details.
  menu3.c
C:\Users\ptcart\Desktop\알고리즘 3팀 팀프로젝트(길찾기) - 최종\알고리즘 3팀 (미니 프로젝트 - 길찾기)\menu3.c(15,1): warning C4026: 정식 매개 변수 목록을 사용하여 함수를 선언했습니다.
C:\Users\ptcart\Desktop\알고리즘 3팀 팀프로젝트(길찾기) - 최종\알고리즘 3팀 (미니 프로젝트 - 길찾기)\menu3.c(21,13): warning C4098: 'del_BM': 'void' 함수에서 값을 반환하고 있습니다.
C:\Users\ptcart\Desktop\알고리즘 3팀 팀프로젝트(길찾기) - 최종\알고리즘 3팀 (미니 프로젝트 - 길찾기)\menu3.c(27,30): warning C4090: '함수': 'const' 한정자가 서로 다릅니다.
C:\Users\ptcart\Desktop\알고리즘 3팀 팀프로젝트(길찾기) - 최종\알고리즘 3팀 (미니 프로젝트 - 길찾기)\menu3.c(38,19): warning C4013: 'gotoxy'이(가) 정의되지 않았습니다. extern은 int형을 반환하는 것으로 간주합니다.
C:\Users\ptcart\Desktop\알고리즘 3팀 팀프로젝트(길찾기) - 최종\알고리즘 3팀 (미니 프로젝트 - 길찾기)\menu3.c(46,5): warning C4996: 'scanf': This function or variable may be unsafe. Consider using scanf_s instead. To disable deprecation, use _CRT_SECURE_NO_WARNINGS. See online help for details.
C:\Users\ptcart\Desktop\알고리즘 3팀 팀프로젝트(길찾기) - 최종\알고리즘 3팀 (미니 프로젝트 - 길찾기)\menu3.c(56,9): warning C4996: 'scanf': This function or variable may be unsafe. Consider using scanf_s instead. To disable deprecation, use _CRT_SECURE_NO_WARNINGS. See online help for details.
C:\Users\ptcart\Desktop\알고리즘 3팀 팀프로젝트(길찾기) - 최종\알고리즘 3팀 (미니 프로젝트 - 길찾기)\menu3.c(63,18): warning C4996: 'fopen': This function or variable may be unsafe. Consider using fopen_s instead. To disable deprecation, use _CRT_SECURE_NO_WARNINGS. See online help for details.
C:\Users\ptcart\Desktop\알고리즘 3팀 팀프로젝트(길찾기) - 최종\알고리즘 3팀 (미니 프로젝트 - 길찾기)\menu3.c(64,22): warning C4996: 'fopen': This function or variable may be unsafe. Consider using fopen_s instead. To disable deprecation, use _CRT_SECURE_NO_WARNINGS. See online help for details.
  코드를 생성하고 있습니다...
C:\Users\ptcart\Desktop\알고리즘 3팀 팀프로젝트(길찾기) - 최종\알고리즘 3팀 (미니 프로젝트 - 길찾기)\menu1.4.c(156): warning C4715: 'end_point': 모든 제어 경로에서 값을 반환하지는 않습니다.
C:\Users\ptcart\Desktop\알고리즘 3팀 팀프로젝트(길찾기) - 최종\알고리즘 3팀 (미니 프로젝트 - 길찾기)\menu1.4.c(194): warning C4715: 'Transport': 모든 제어 경로에서 값을 반환하지는 않습니다.
C:\Users\ptcart\Desktop\알고리즘 3팀 팀프로젝트(길찾기) - 최종\알고리즘 3팀 (미니 프로젝트 - 길찾기)\menu1.4.c(114): warning C4715: 'start_point': 모든 제어 경로에서 값을 반환하지는 않습니다.
  알고리즘 3팀 (미니 프로젝트 - 길찾기).vcxproj -> C:\Users\ptcart\Desktop\알고리즘 3팀 팀프로젝트(길찾기) - 최종\알고리즘 3팀 (미니 프로젝트 - 길찾기)\Debug\알고리즘 3팀 (미니 프로젝트 - 길찾기).exe
