c:\users\ptcart\desktop\알고리즘 3팀 팀프로젝트(길찾기) - 복사본\알고리즘 3팀 (미니 프로젝트 - 길찾기)\debug\vc142.pdb
c:\users\ptcart\desktop\알고리즘 3팀 팀프로젝트(길찾기) - 복사본\알고리즘 3팀 (미니 프로젝트 - 길찾기)\debug\vc142.idb
c:\users\ptcart\desktop\알고리즘 3팀 팀프로젝트(길찾기) - 복사본\알고리즘 3팀 (미니 프로젝트 - 길찾기)\debug\test.obj
c:\users\ptcart\desktop\알고리즘 3팀 팀프로젝트(길찾기) - 복사본\알고리즘 3팀 (미니 프로젝트 - 길찾기)\debug\main.obj
c:\users\ptcart\desktop\알고리즘 3팀 팀프로젝트(길찾기) - 복사본\알고리즘 3팀 (미니 프로젝트 - 길찾기)\debug\menu1.obj
c:\users\ptcart\desktop\알고리즘 3팀 팀프로젝트(길찾기) - 복사본\알고리즘 3팀 (미니 프로젝트 - 길찾기)\debug\dijkstra.obj
c:\users\ptcart\desktop\알고리즘 3팀 팀프로젝트(길찾기) - 복사본\알고리즘 3팀 (미니 프로젝트 - 길찾기)\debug\menu3.obj
c:\users\ptcart\desktop\알고리즘 3팀 팀프로젝트(길찾기) - 복사본\알고리즘 3팀 (미니 프로젝트 - 길찾기)\debug\menu.obj
c:\users\ptcart\desktop\알고리즘 3팀 팀프로젝트(길찾기) - 복사본\알고리즘 3팀 (미니 프로젝트 - 길찾기)\debug\menu2.obj
c:\users\ptcart\desktop\알고리즘 3팀 팀프로젝트(길찾기) - 복사본\알고리즘 3팀 (미니 프로젝트 - 길찾기)\debug\menu1.4.obj
c:\users\ptcart\desktop\알고리즘 3팀 팀프로젝트(길찾기) - 복사본\알고리즘 3팀 (미니 프로젝트 - 길찾기)\debug\알고리즘 3팀 (미니 프로젝트 - 길찾기).exe
c:\users\ptcart\desktop\알고리즘 3팀 팀프로젝트(길찾기) - 복사본\알고리즘 3팀 (미니 프로젝트 - 길찾기)\debug\알고리즘 3팀 (미니 프로젝트 - 길찾기).ilk
c:\users\ptcart\desktop\알고리즘 3팀 팀프로젝트(길찾기) - 복사본\알고리즘 3팀 (미니 프로젝트 - 길찾기)\debug\알고리즘 3팀 (미니 프로젝트 - 길찾기).pdb
c:\users\ptcart\desktop\알고리즘 3팀 팀프로젝트(길찾기) - 최종\알고리즘 3팀 (미니 프로젝트 - 길찾기)\debug\dijkstra.obj
c:\users\ptcart\desktop\알고리즘 3팀 팀프로젝트(길찾기) - 최종\알고리즘 3팀 (미니 프로젝트 - 길찾기)\debug\main.obj
c:\users\ptcart\desktop\알고리즘 3팀 팀프로젝트(길찾기) - 최종\알고리즘 3팀 (미니 프로젝트 - 길찾기)\debug\menu.obj
c:\users\ptcart\desktop\알고리즘 3팀 팀프로젝트(길찾기) - 최종\알고리즘 3팀 (미니 프로젝트 - 길찾기)\debug\menu1.4.obj
c:\users\ptcart\desktop\알고리즘 3팀 팀프로젝트(길찾기) - 최종\알고리즘 3팀 (미니 프로젝트 - 길찾기)\debug\menu1.obj
c:\users\ptcart\desktop\알고리즘 3팀 팀프로젝트(길찾기) - 최종\알고리즘 3팀 (미니 프로젝트 - 길찾기)\debug\menu2.obj
c:\users\ptcart\desktop\알고리즘 3팀 팀프로젝트(길찾기) - 최종\알고리즘 3팀 (미니 프로젝트 - 길찾기)\debug\menu3.obj
c:\users\ptcart\desktop\알고리즘 3팀 팀프로젝트(길찾기) - 최종\알고리즘 3팀 (미니 프로젝트 - 길찾기)\debug\test.obj
c:\users\ptcart\desktop\알고리즘 3팀 팀프로젝트(길찾기) - 최종\알고리즘 3팀 (미니 프로젝트 - 길찾기)\debug\알고리즘 3팀 (미니 프로젝트 - 길찾기).obj
c:\users\ptcart\desktop\알고리즘 3팀 팀프로젝트(길찾기) - 최종\알고리즘 3팀 (미니 프로젝트 - 길찾기)\debug\dijkstra.obj.enc
c:\users\ptcart\desktop\알고리즘 3팀 팀프로젝트(길찾기) - 최종\알고리즘 3팀 (미니 프로젝트 - 길찾기)\debug\menu3.obj.enc
c:\users\ptcart\desktop\알고리즘 3팀 팀프로젝트(길찾기) - 최종\알고리즘 3팀 (미니 프로젝트 - 길찾기)\debug\알고리즘 3팀 (미니 프로젝트 - 길찾기).ilk
c:\users\ptcart\desktop\알고리즘 3팀 팀프로젝트(길찾기) - 최종\알고리즘 3팀 (미니 프로젝트 - 길찾기)\debug\vc142.idb
c:\users\ptcart\desktop\알고리즘 3팀 팀프로젝트(길찾기) - 최종\알고리즘 3팀 (미니 프로젝트 - 길찾기)\debug\vc142.pdb
c:\users\ptcart\desktop\알고리즘 3팀 팀프로젝트(길찾기) - 최종\알고리즘 3팀 (미니 프로젝트 - 길찾기)\debug\알고리즘 3팀 (미니 프로젝트 - 길찾기).pdb
c:\users\ptcart\desktop\알고리즘 3팀 팀프로젝트(길찾기) - 최종\알고리즘 3팀 (미니 프로젝트 - 길찾기)\debug\알고리즘 3팀 (미니 프로젝트 - 길찾기).exe
c:\users\ptcart\desktop\알고리즘 3팀 팀프로젝트(길찾기) - 최종\알고리즘 3팀 (미니 프로젝트 - 길찾기)\debug\알고리즘 3팀 .b9b097ef.tlog\cl.command.1.tlog
c:\users\ptcart\desktop\알고리즘 3팀 팀프로젝트(길찾기) - 최종\알고리즘 3팀 (미니 프로젝트 - 길찾기)\debug\알고리즘 3팀 .b9b097ef.tlog\cl.read.1.tlog
c:\users\ptcart\desktop\알고리즘 3팀 팀프로젝트(길찾기) - 최종\알고리즘 3팀 (미니 프로젝트 - 길찾기)\debug\알고리즘 3팀 .b9b097ef.tlog\cl.write.1.tlog
c:\users\ptcart\desktop\알고리즘 3팀 팀프로젝트(길찾기) - 최종\알고리즘 3팀 (미니 프로젝트 - 길찾기)\debug\알고리즘 3팀 .b9b097ef.tlog\link.command.1.tlog
c:\users\ptcart\desktop\알고리즘 3팀 팀프로젝트(길찾기) - 최종\알고리즘 3팀 (미니 프로젝트 - 길찾기)\debug\알고리즘 3팀 .b9b097ef.tlog\link.read.1.tlog
c:\users\ptcart\desktop\알고리즘 3팀 팀프로젝트(길찾기) - 최종\알고리즘 3팀 (미니 프로젝트 - 길찾기)\debug\알고리즘 3팀 .b9b097ef.tlog\link.write.1.tlog
